C51 COMPILER V9.01   XY_FML_BUZZER                                                         03/06/2021 13:59:18 PAGE 1   


C51 COMPILER V9.01, COMPILATION OF MODULE XY_FML_BUZZER
OBJECT MODULE PLACED IN .\Objects\xy_fml_buzzer.obj
COMPILER INVOKED BY: D:\MDK5\C51\BIN\C51.EXE 02_FML\xy_fml_buzzer.c LARGE OMF2 OPTIMIZE(8,SPEED) BROWSE INCDIR(.\01_APL;
                    -.\02_FML;.\03_HAL;.\04_SYS) DEBUG PRINT(.\Listings\xy_fml_buzzer.lst) OBJECT(.\Objects\xy_fml_buzzer.obj)

line level    source

   1          #include "xy_sys_headfile.h"
   2          
   3          /*********************************************************************************************************
             -**************
   4          * Function Name: 
   5          * Description  : 
   6          * Arguments    : None
   7          * Return Value : None
   8          **********************************************************************************************************
             -*************/
   9          void fml_buzzer_init_data(datall* p_data)
  10          {
  11   1              p_data->buzzer.bee_state                        = OFF;
  12   1              p_data->buzzer.normal_bee_on            = OFF;
  13   1              p_data->buzzer.long_bee_on                      = OFF;
  14   1              p_data->buzzer.burn_bee_on                      = OFF;
  15   1              p_data->buzzer.bee_count                        = 0;
  16   1              p_data->buzzer.normal_bee_on_count      = 0;
  17   1              p_data->buzzer.normal_bee_on_flag       = 0;
  18   1              p_data->buzzer.long_bee_on_count        = 0;
  19   1              p_data->buzzer.long_bee_on_flag         = 0;
  20   1              p_data->buzzer.burn_bee_count           = 0;
  21   1      }
  22          
  23          /*********************************************************************************************************
             -**************
  24          * Function Name: 
  25          * Description  : 
  26          * Arguments    : None
  27          * Return Value : None
  28          **********************************************************************************************************
             -*************/
  29          void fml_buzzer_timer_ctrl(datall* p_data)
  30          {
  31   1              hal_timer_buzzer(&p_data->buzzer);
  32   1      }
  33          
  34          /*********************************************************************************************************
             -**************
  35          * Function Name: 
  36          * Description  : 
  37          * Arguments    : None
  38          * Return Value : None
  39          **********************************************************************************************************
             -*************/
  40          void fml_buzzer_timer_cnt(datall* p_data)
  41          {       
  42   1              p_data->buzzer.normal_bee_on_count++;
  43   1              p_data->buzzer.long_bee_on_count++;
  44   1              if(p_data->buzzer.normal_bee_on_count>=150)                     
  45   1              {
  46   2                      p_data->buzzer.normal_bee_on_count=150;
  47   2                      p_data->buzzer.normal_bee_on_flag=1;
  48   2              }       
C51 COMPILER V9.01   XY_FML_BUZZER                                                         03/06/2021 13:59:18 PAGE 2   

  49   1              if(p_data->buzzer.long_bee_on_count>=800)                               
  50   1              {
  51   2                      p_data->buzzer.long_bee_on_count=800;
  52   2                      p_data->buzzer.long_bee_on_flag=1;
  53   2              }
  54   1      }
  55          
  56          /*********************************************************************************************************
             -**************
  57          * Function Name: 
  58          * Description  : 
  59          * Arguments    : None
  60          * Return Value : None
  61          **********************************************************************************************************
             -*************/
  62          void fml_buzzer_deal(datall* p_data)
  63          {
  64   1              if(p_data->buzzer.normal_bee_on==ON)            
  65   1              {
  66   2                      if(p_data->buzzer.bee_state==OFF)
  67   2                      {               
  68   3                              p_data->buzzer.bee_state = ON;
  69   3                              p_data->buzzer.normal_bee_on_count=0;
  70   3                              p_data->buzzer.normal_bee_on_flag=0;                    
  71   3                      }
  72   2                      if(p_data->buzzer.normal_bee_on_flag)
  73   2                      {
  74   3                              p_data->buzzer.bee_state=OFF;
  75   3                              p_data->buzzer.normal_bee_on=OFF;
  76   3                      }
  77   2              }
  78   1              else if(p_data->buzzer.long_bee_on==ON)                         
  79   1              {
  80   2                      if(p_data->buzzer.bee_state==OFF)
  81   2                      {               
  82   3                              p_data->buzzer.bee_state = ON;
  83   3                              p_data->buzzer.long_bee_on_count=0;
  84   3                              p_data->buzzer.long_bee_on_flag=0;              
  85   3                      }
  86   2                      if(p_data->buzzer.long_bee_on_flag)
  87   2                      {
  88   3                              p_data->buzzer.bee_state=OFF;
  89   3                              p_data->buzzer.long_bee_on=OFF;
  90   3                      }
  91   2              }       
  92   1              else if(p_data->buzzer.burn_bee_on==ON)                                 //bee rings twice 
  93   1              {
  94   2                      if(p_data->buzzer.burn_bee_count==0)
  95   2                      {
  96   3                              if(p_data->buzzer.bee_state==OFF)
  97   3                              {               
  98   4                                      p_data->buzzer.bee_state = ON;
  99   4                                      p_data->buzzer.normal_bee_on_count=0;
 100   4                                      p_data->buzzer.normal_bee_on_flag=0;                     
 101   4                              }
 102   3                              if(p_data->buzzer.normal_bee_on_flag)
 103   3                              {
 104   4                                      p_data->buzzer.bee_state=OFF;
 105   4                                      p_data->buzzer.burn_bee_count=1;
 106   4                                      p_data->buzzer.normal_bee_on_count=0;
 107   4                                      p_data->buzzer.normal_bee_on_flag=0;
 108   4                              }               
C51 COMPILER V9.01   XY_FML_BUZZER                                                         03/06/2021 13:59:18 PAGE 3   

 109   3                      }
 110   2                      else if(p_data->buzzer.burn_bee_count==1)
 111   2                      {
 112   3                              if((p_data->buzzer.bee_state==OFF)&&(p_data->buzzer.normal_bee_on_flag))
 113   3                              {
 114   4                                      p_data->buzzer.bee_state = ON;
 115   4                                      p_data->buzzer.normal_bee_on_count=0;
 116   4                                      p_data->buzzer.normal_bee_on_flag=0;                                            
 117   4                              }
 118   3                              if((p_data->buzzer.bee_state==ON)&&(p_data->buzzer.normal_bee_on_flag))
 119   3                              {
 120   4                                      p_data->buzzer.burn_bee_count=0;
 121   4                                      p_data->buzzer.bee_state=OFF;
 122   4                                      p_data->buzzer.burn_bee_on=OFF;
 123   4                              }                                       
 124   3                      }
 125   2                      else
 126   2                      {
 127   3                              p_data->buzzer.burn_bee_count=0;
 128   3                              p_data->buzzer.bee_state=OFF;
 129   3                              p_data->buzzer.burn_bee_on=OFF;
 130   3                      }
 131   2              }
 132   1      
 133   1      }


MODULE INFORMATION:   STATIC OVERLAYABLE
   CODE SIZE        =    520    ----
   CONSTANT SIZE    =   ----    ----
   XDATA SIZE       =   ----    ----
   PDATA SIZE       =   ----    ----
   DATA SIZE        =   ----    ----
   IDATA SIZE       =   ----    ----
   BIT SIZE         =   ----    ----
   EDATA SIZE       =   ----    ----
   HDATA SIZE       =   ----    ----
   XDATA CONST SIZE =   ----    ----
   FAR CONST SIZE   =   ----    ----
END OF MODULE INFORMATION.


C51 COMPILATION COMPLETE.  0 WARNING(S),  0 ERROR(S)
