C51 COMPILER V9.01   XY_FML_RELAY                                                          03/12/2021 09:41:54 PAGE 1   


C51 COMPILER V9.01, COMPILATION OF MODULE XY_FML_RELAY
OBJECT MODULE PLACED IN .\Objects\xy_fml_relay.obj
COMPILER INVOKED BY: D:\MDK5\C51\BIN\C51.EXE 02_FML\xy_fml_relay.c LARGE OMF2 OPTIMIZE(8,SPEED) BROWSE INCDIR(.\01_APL;.
                    -\02_FML;.\03_HAL;.\04_SYS) DEBUG PRINT(.\Listings\xy_fml_relay.lst) OBJECT(.\Objects\xy_fml_relay.obj)

line level    source

   1          #include "xy_sys_headfile.h"
   2          
   3          /*********************************************************************************************************
             -**************
   4          * Function Name: 
   5          * Description  : 
   6          * Arguments    : None
   7          * Return Value : None
   8          **********************************************************************************************************
             -*************/
   9          void fml_relay_light(datall* p_data)
  10          {
  11   1              if(ON == p_data->remote.keyctrl.keystate_light)
  12   1              {
  13   2                      light_on();
  14   2              }
  15   1              else
  16   1              {
  17   2                      light_off();
  18   2              }
  19   1      }
  20          
  21          /*********************************************************************************************************
             -**************
  22          * Function Name: 
  23          * Description  : 
  24          * Arguments    : None
  25          * Return Value : None
  26          **********************************************************************************************************
             -*************/
  27          void fml_relay_ptc(datall* p_data)
  28          {
  29   1              if(ON == p_data->remote.keyctrl.keystate_ptc)
  30   1              {
  31   2                      PTC_on();
  32   2              }
  33   1              else
  34   1              {
  35   2                      PTC_off();
  36   2              }
  37   1      }
  38          
  39          /*********************************************************************************************************
             -**************
  40          * Function Name: 
  41          * Description  : 
  42          * Arguments    : None
  43          * Return Value : None
  44          **********************************************************************************************************
             -*************/
  45          void fml_relay_fan_blow(datall* p_data)
  46          {
  47   1              if((ON == p_data->remote.keyctrl.keystate_fan_blow)
  48   1                      || (ON == p_data->remote.keyctrl.keystate_fan_absorb))
C51 COMPILER V9.01   XY_FML_RELAY                                                          03/12/2021 09:41:54 PAGE 2   

  49   1              {
  50   2                      blow_fan_on();
  51   2              }
  52   1              else
  53   1              {
  54   2                      blow_fan_off();
  55   2              }
  56   1      }
  57          
  58          /*********************************************************************************************************
             -**************
  59          * Function Name: 
  60          * Description  : 
  61          * Arguments    : None
  62          * Return Value : None
  63          **********************************************************************************************************
             -*************/
  64          void fml_relay_ctrl(datall* p_data)
  65          {
  66   1              #ifdef XY_SYS_TEST_MODE
  67   1                      if(YES == p_data->testmode)
  68   1                              return;
  69   1              #endif
  70   1              
  71   1              fml_relay_light(p_data);
  72   1              fml_relay_ptc(p_data);
  73   1              fml_relay_fan_blow(p_data);
  74   1      }


MODULE INFORMATION:   STATIC OVERLAYABLE
   CODE SIZE        =    119    ----
   CONSTANT SIZE    =   ----    ----
   XDATA SIZE       =   ----       3
   PDATA SIZE       =   ----    ----
   DATA SIZE        =   ----    ----
   IDATA SIZE       =   ----    ----
   BIT SIZE         =   ----    ----
   EDATA SIZE       =   ----    ----
   HDATA SIZE       =   ----    ----
   XDATA CONST SIZE =   ----    ----
   FAR CONST SIZE   =   ----    ----
END OF MODULE INFORMATION.


C51 COMPILATION COMPLETE.  0 WARNING(S),  0 ERROR(S)
