C51 COMPILER V9.01   XY_SYS_VARIABLE                                                       03/06/2021 13:59:21 PAGE 1   


C51 COMPILER V9.01, COMPILATION OF MODULE XY_SYS_VARIABLE
OBJECT MODULE PLACED IN .\Objects\xy_sys_variable.obj
COMPILER INVOKED BY: D:\MDK5\C51\BIN\C51.EXE 04_SYS\xy_sys_variable.c LARGE OMF2 OPTIMIZE(8,SPEED) BROWSE INCDIR(.\01_AP
                    -L;.\02_FML;.\03_HAL;.\04_SYS) DEBUG PRINT(.\Listings\xy_sys_variable.lst) OBJECT(.\Objects\xy_sys_variable.obj)

line level    source

   1          #include "xy_sys_headfile.h"
   2          
   3          timebase g_timebase;
   4          datall   g_datall;
   5          


MODULE INFORMATION:   STATIC OVERLAYABLE
   CODE SIZE        =   ----    ----
   CONSTANT SIZE    =   ----    ----
   XDATA SIZE       =    114    ----
   PDATA SIZE       =   ----    ----
   DATA SIZE        =   ----    ----
   IDATA SIZE       =   ----    ----
   BIT SIZE         =   ----    ----
   EDATA SIZE       =   ----    ----
   HDATA SIZE       =   ----    ----
   XDATA CONST SIZE =   ----    ----
   FAR CONST SIZE   =   ----    ----
END OF MODULE INFORMATION.


C51 COMPILATION COMPLETE.  0 WARNING(S),  0 ERROR(S)
